<?xml version="1.0" encoding="UTF-8"?>
<testsuite name="service.DemoApplicationTests" time="0.12" tests="2" errors="0" skipped="0" failures="1">
  <properties>
[...]
</properties>
  <testcase name="testShowMovies" classname="service.DemoApplicationTests" time="0.111">
    <failure message="Status expected:&lt;200&gt; but was:&lt;302&gt;" type="java.lang.AssertionError"><![CDATA[java.lang.AssertionError: Status expected:<200> but was:<302>
	at org.springframework.test.util.AssertionErrors.fail(AssertionErrors.java:60)
	at org.springframework.test.util.AssertionErrors.assertEquals(AssertionErrors.java:89)
	at org.springframework.test.web.servlet.result.StatusResultMatchers$10.match(StatusResultMatchers.java:653)
	at org.springframework.test.web.servlet.MockMvc$1.andExpect(MockMvc.java:152)
	at service.DemoApplicationTests.testShowMovies(DemoApplicationTests.java:41)
]]></failure>
    <system-out><![CDATA[12:36:45.049 [main] DEBUG o.s.t.c.j.SpringJUnit4ClassRunner - SpringJUnit4ClassRunner constructor called with [class service.DemoApplicationTests].
12:36:45.057 [main] DEBUG o.s.test.context.BootstrapUtils - Instantiating TestContextBootstrapper from class [org.springframework.test.context.web.WebTestContextBootstrapper]
12:36:45.072 [main] DEBUG o.s.t.c.w.WebTestContextBootstrapper - Found explicit ContextLoader class [org.springframework.boot.test.SpringApplicationContextLoader] for context configuration attributes [ContextConfigurationAttributes@587d1d39 declaringClass = 'service.DemoApplicationTests', classes = '{class service.Application}', locations = '{}', inheritLocations = true, initializers = '{}', inheritInitializers = true, name = [null], contextLoaderClass = 'org.springframework.boot.test.SpringApplicationContextLoader']
12:36:45.081 [main] DEBUG o.s.t.c.w.WebTestContextBootstrapper - @TestExecutionListeners is not present for class [service.DemoApplicationTests]: using defaults.
12:36:45.097 [main] INFO  o.s.t.c.w.WebTestContextBootstrapper - Loaded default TestExecutionListener class names from location [META-INF/spring.factories]: [org.springframework.test.context.web.ServletTestExecutionListener, org.springframework.test.context.support.DependencyInjectionTestExecutionListener, org.springframework.test.context.support.DirtiesContextTestExecutionListener, org.springframework.test.context.transaction.TransactionalTestExecutionListener, org.springframework.test.context.jdbc.SqlScriptsTestExecutionListener]
12:36:45.110 [main] INFO  o.s.t.c.w.WebTestContextBootstrapper - Using TestExecutionListeners: [org.springframework.test.context.web.ServletTestExecutionListener@382db087, org.springframework.test.context.support.DependencyInjectionTestExecutionListener@73d4cc9e, org.springframework.test.context.support.DirtiesContextTestExecutionListener@80169cf, org.springframework.test.context.transaction.TransactionalTestExecutionListener@5427c60c, org.springframework.test.context.jdbc.SqlScriptsTestExecutionListener@15bfd87]
12:36:45.111 [main] DEBUG o.s.t.annotation.ProfileValueUtils - Retrieved @ProfileValueSourceConfiguration [null] for test class [service.DemoApplicationTests]
12:36:45.112 [main] DEBUG o.s.t.annotation.ProfileValueUtils - Retrieved ProfileValueSource type [class org.springframework.test.annotation.SystemProfileValueSource] for class [service.DemoApplicationTests]
12:36:45.115 [main] DEBUG o.s.t.annotation.ProfileValueUtils - Retrieved @ProfileValueSourceConfiguration [null] for test class [service.DemoApplicationTests]
12:36:45.115 [main] DEBUG o.s.t.annotation.ProfileValueUtils - Retrieved ProfileValueSource type [class org.springframework.test.annotation.SystemProfileValueSource] for class [service.DemoApplicationTests]
12:36:45.117 [main] DEBUG o.s.t.annotation.ProfileValueUtils - Retrieved @ProfileValueSourceConfiguration [null] for test class [service.DemoApplicationTests]
12:36:45.117 [main] DEBUG o.s.t.annotation.ProfileValueUtils - Retrieved ProfileValueSource type [class org.springframework.test.annotation.SystemProfileValueSource] for class [service.DemoApplicationTests]
12:36:45.182 [main] DEBUG o.s.core.env.StandardEnvironment - Adding [systemProperties] PropertySource with lowest search precedence
12:36:45.182 [main] DEBUG o.s.core.env.StandardEnvironment - Adding [systemEnvironment] PropertySource with lowest search precedence
12:36:45.183 [main] DEBUG o.s.core.env.StandardEnvironment - Initialized StandardEnvironment with PropertySources [systemProperties,systemEnvironment]
12:36:45.183 [main] DEBUG o.s.core.env.StandardEnvironment - Adding [test] PropertySource with highest search precedence
12:36:45.184 [main] DEBUG o.s.core.env.StandardEnvironment - Adding [integrationTest] PropertySource with search precedence immediately lower than [systemEnvironment]
2015-11-20 12:36:45.986  INFO 26713 --- [           main] o.a.maven.surefire.booter.ForkedBooter   : Starting ForkedBooter v2.17 on pivotal-wifi-2-89.ny.pivotallabs.com with PID 26713 (/Users/cdaver/.m2/repository/org/apache/maven/surefire/surefire-booter/2.17/surefire-booter-2.17.jar started by cdaver in /Users/cdaver/work/SCS-Microservice/ui-search)
2015-11-20 12:36:46.003  INFO 26713 --- [           main] s.c.a.AnnotationConfigApplicationContext : Refreshing org.springframework.context.annotation.AnnotationConfigApplicationContext@4b5189ac: startup date [Fri Nov 20 12:36:46 EST 2015]; root of context hierarchy
2015-11-20 12:36:46.118  INFO 26713 --- [           main] f.a.AutowiredAnnotationBeanPostProcessor : JSR-330 'javax.inject.Inject' annotation found and supported for autowiring
2015-11-20 12:36:46.257  INFO 26713 --- [           main] trationDelegate$BeanPostProcessorChecker : Bean 'encrypt.CONFIGURATION_PROPERTIES' of type [class org.springframework.cloud.bootstrap.encrypt.KeyProperties] is not eligible for getting processed by all BeanPostProcessors (for example: not eligible for auto-proxying)
2015-11-20 12:36:46.258  INFO 26713 --- [           main] trationDelegate$BeanPostProcessorChecker : Bean 'encryptionBootstrapConfiguration' of type [class org.springframework.cloud.bootstrap.encrypt.EncryptionBootstrapConfiguration$$EnhancerBySpringCGLIB$$b5ed3e30] is not eligible for getting processed by all BeanPostProcessors (for example: not eligible for auto-proxying)
2015-11-20 12:36:46.303  INFO 26713 --- [           main] o.a.maven.surefire.booter.ForkedBooter   : Started ForkedBooter in 0.936 seconds (JVM running for 1.608)

  .   ____          _            __ _ _
 /\\ / ___'_ __ _ _(_)_ __  __ _ \ \ \ \
( ( )\___ | '_ | '_| | '_ \/ _` | \ \ \ \
 \\/  ___)| |_)| | | | | || (_| |  ) ) ) )
  '  |____| .__|_| |_|_| |_\__, | / / / /
 =========|_|==============|___/=/_/_/_/
 :: Spring Boot ::        (v1.2.4.RELEASE)

2015-11-20 12:36:46.351  INFO 26713 --- [           main] o.s.w.c.s.GenericWebApplicationContext   : Refreshing org.springframework.web.context.support.GenericWebApplicationContext@5b970f7: startup date [Fri Nov 20 12:36:46 EST 2015]; parent: org.springframework.context.annotation.AnnotationConfigApplicationContext@4b5189ac
2015-11-20 12:36:46.935  INFO 26713 --- [           main] o.s.b.f.s.DefaultListableBeanFactory     : Overriding bean definition for bean 'ignoredPathsWebSecurityConfigurerAdapter': replacing [Root bean: class [null]; scope=; abstract=false; lazyInit=false; autowireMode=3; dependencyCheck=0; autowireCandidate=true; primary=false; factoryBeanName=org.springframework.boot.autoconfigure.security.SpringBootWebSecurityConfiguration; factoryMethodName=ignoredPathsWebSecurityConfigurerAdapter; initMethodName=null; destroyMethodName=(inferred); defined in class path resource [org/springframework/boot/autoconfigure/security/SpringBootWebSecurityConfiguration.class]] with [Root bean: class [null]; scope=; abstract=false; lazyInit=false; autowireMode=3; dependencyCheck=0; autowireCandidate=true; primary=false; factoryBeanName=org.springframework.boot.actuate.autoconfigure.ManagementSecurityAutoConfiguration; factoryMethodName=ignoredPathsWebSecurityConfigurerAdapter; initMethodName=null; destroyMethodName=(inferred); defined in class path resource [org/springframework/boot/actuate/autoconfigure/ManagementSecurityAutoConfiguration.class]]
2015-11-20 12:36:47.096  INFO 26713 --- [           main] o.s.b.f.config.PropertiesFactoryBean     : Loading properties file from URL [jar:file:/Users/cdaver/.m2/repository/org/springframework/integration/spring-integration-core/4.1.4.RELEASE/spring-integration-core-4.1.4.RELEASE.jar!/META-INF/spring.integration.default.properties]
2015-11-20 12:36:47.098  INFO 26713 --- [           main] o.s.i.config.IntegrationRegistrar        : No bean named 'integrationHeaderChannelRegistry' has been explicitly defined. Therefore, a default DefaultHeaderChannelRegistry will be created.
2015-11-20 12:36:47.114  INFO 26713 --- [           main] o.s.b.f.s.DefaultListableBeanFactory     : Overriding bean definition for bean 'infoEndpoint': replacing [Root bean: class [null]; scope=; abstract=false; lazyInit=false; autowireMode=3; dependencyCheck=0; autowireCandidate=true; primary=false; factoryBeanName=org.springframework.boot.actuate.autoconfigure.EndpointAutoConfiguration; factoryMethodName=infoEndpoint; initMethodName=null; destroyMethodName=(inferred); defined in class path resource [org/springframework/boot/actuate/autoconfigure/EndpointAutoConfiguration.class]] with [Root bean: class [null]; scope=; abstract=false; lazyInit=false; autowireMode=3; dependencyCheck=0; autowireCandidate=true; primary=false; factoryBeanName=org.springframework.cloud.autoconfigure.RefreshAutoConfiguration$InfoEndpointRebinderConfiguration; factoryMethodName=infoEndpoint; initMethodName=null; destroyMethodName=(inferred); defined in class path resource [org/springframework/cloud/autoconfigure/RefreshAutoConfiguration$InfoEndpointRebinderConfiguration.class]]
2015-11-20 12:36:47.400  INFO 26713 --- [           main] faultConfiguringBeanFactoryPostProcessor : No bean named 'errorChannel' has been explicitly defined. Therefore, a default PublishSubscribeChannel will be created.
2015-11-20 12:36:47.401  INFO 26713 --- [           main] faultConfiguringBeanFactoryPostProcessor : No bean named 'taskScheduler' has been explicitly defined. Therefore, a default ThreadPoolTaskScheduler will be created.
2015-11-20 12:36:47.409  INFO 26713 --- [           main] o.s.cloud.context.scope.GenericScope     : BeanFactory id=85f22e3e-f562-36b2-9393-17f07c836a74
2015-11-20 12:36:47.415  INFO 26713 --- [           main] f.a.AutowiredAnnotationBeanPostProcessor : JSR-330 'javax.inject.Inject' annotation found and supported for autowiring
2015-11-20 12:36:47.430  INFO 26713 --- [           main] trationDelegate$BeanPostProcessorChecker : Bean 'movieClient' of type [class org.springframework.cloud.netflix.feign.FeignClientFactoryBean] is not eligible for getting processed by all BeanPostProcessors (for example: not eligible for auto-proxying)
2015-11-20 12:36:47.431  INFO 26713 --- [           main] trationDelegate$BeanPostProcessorChecker : Bean 'ratingClient' of type [class org.springframework.cloud.netflix.feign.FeignClientFactoryBean] is not eligible for getting processed by all BeanPostProcessors (for example: not eligible for auto-proxying)
2015-11-20 12:36:47.431  INFO 26713 --- [           main] trationDelegate$BeanPostProcessorChecker : Bean 'userClient' of type [class org.springframework.cloud.netflix.feign.FeignClientFactoryBean] is not eligible for getting processed by all BeanPostProcessors (for example: not eligible for auto-proxying)
2015-11-20 12:36:47.453  INFO 26713 --- [           main] trationDelegate$BeanPostProcessorChecker : Bean 'org.springframework.amqp.rabbit.annotation.RabbitBootstrapConfiguration' of type [class org.springframework.amqp.rabbit.annotation.RabbitBootstrapConfiguration$$EnhancerBySpringCGLIB$$fe88a465] is not eligible for getting processed by all BeanPostProcessors (for example: not eligible for auto-proxying)
2015-11-20 12:36:47.483  INFO 26713 --- [           main] trationDelegate$BeanPostProcessorChecker : Bean 'org.springframework.scheduling.annotation.SchedulingConfiguration' of type [class org.springframework.scheduling.annotation.SchedulingConfiguration$$EnhancerBySpringCGLIB$$65769712] is not eligible for getting processed by all BeanPostProcessors (for example: not eligible for auto-proxying)
2015-11-20 12:36:47.567  INFO 26713 --- [           main] trationDelegate$BeanPostProcessorChecker : Bean 'org.springframework.transaction.annotation.ProxyTransactionManagementConfiguration' of type [class org.springframework.transaction.annotation.ProxyTransactionManagementConfiguration$$EnhancerBySpringCGLIB$$f52113f7] is not eligible for getting processed by all BeanPostProcessors (for example: not eligible for auto-proxying)
2015-11-20 12:36:47.707  INFO 26713 --- [           main] trationDelegate$BeanPostProcessorChecker : Bean 'transactionAttributeSource' of type [class org.springframework.transaction.annotation.AnnotationTransactionAttributeSource] is not eligible for getting processed by all BeanPostProcessors (for example: not eligible for auto-proxying)
2015-11-20 12:36:47.714  INFO 26713 --- [           main] trationDelegate$BeanPostProcessorChecker : Bean 'transactionInterceptor' of type [class org.springframework.transaction.interceptor.TransactionInterceptor] is not eligible for getting processed by all BeanPostProcessors (for example: not eligible for auto-proxying)
2015-11-20 12:36:47.717  INFO 26713 --- [           main] trationDelegate$BeanPostProcessorChecker : Bean 'org.springframework.transaction.config.internalTransactionAdvisor' of type [class org.springframework.transaction.interceptor.BeanFactoryTransactionAttributeSourceAdvisor] is not eligible for getting processed by all BeanPostProcessors (for example: not eligible for auto-proxying)
2015-11-20 12:36:47.755  INFO 26713 --- [           main] o.s.b.f.config.PropertiesFactoryBean     : Loading properties file from URL [jar:file:/Users/cdaver/.m2/repository/org/springframework/integration/spring-integration-core/4.1.4.RELEASE/spring-integration-core-4.1.4.RELEASE.jar!/META-INF/spring.integration.default.properties]
2015-11-20 12:36:47.755  INFO 26713 --- [           main] trationDelegate$BeanPostProcessorChecker : Bean 'integrationGlobalProperties' of type [class org.springframework.beans.factory.config.PropertiesFactoryBean] is not eligible for getting processed by all BeanPostProcessors (for example: not eligible for auto-proxying)
2015-11-20 12:36:47.762  INFO 26713 --- [           main] trationDelegate$BeanPostProcessorChecker : Bean 'integrationGlobalProperties' of type [class java.util.Properties] is not eligible for getting processed by all BeanPostProcessors (for example: not eligible for auto-proxying)
2015-11-20 12:36:47.781  INFO 26713 --- [           main] trationDelegate$BeanPostProcessorChecker : Bean 'messageBuilderFactory' of type [class org.springframework.integration.support.DefaultMessageBuilderFactory] is not eligible for getting processed by all BeanPostProcessors (for example: not eligible for auto-proxying)
2015-11-20 12:36:47.827  INFO 26713 --- [           main] trationDelegate$BeanPostProcessorChecker : Bean '(inner bean)#4816ee24' of type [class org.springframework.integration.channel.MessagePublishingErrorHandler] is not eligible for getting processed by all BeanPostProcessors (for example: not eligible for auto-proxying)
2015-11-20 12:36:47.829  INFO 26713 --- [           main] o.s.s.c.ThreadPoolTaskScheduler          : Initializing ExecutorService  'taskScheduler'
2015-11-20 12:36:47.829  INFO 26713 --- [           main] trationDelegate$BeanPostProcessorChecker : Bean 'taskScheduler' of type [class org.springframework.scheduling.concurrent.ThreadPoolTaskScheduler] is not eligible for getting processed by all BeanPostProcessors (for example: not eligible for auto-proxying)
2015-11-20 12:36:47.842  INFO 26713 --- [           main] trationDelegate$BeanPostProcessorChecker : Bean 'integrationHeaderChannelRegistry' of type [class org.springframework.integration.channel.DefaultHeaderChannelRegistry] is not eligible for getting processed by all BeanPostProcessors (for example: not eligible for auto-proxying)
2015-11-20 12:36:47.868  INFO 26713 --- [           main] trationDelegate$BeanPostProcessorChecker : Bean 'org.springframework.cloud.autoconfigure.RefreshAutoConfiguration$ConfigurationPropertiesRebinderConfiguration' of type [class org.springframework.cloud.autoconfigure.RefreshAutoConfiguration$ConfigurationPropertiesRebinderConfiguration$$EnhancerBySpringCGLIB$$e624010d] is not eligible for getting processed by all BeanPostProcessors (for example: not eligible for auto-proxying)
2015-11-20 12:36:48.513  INFO 26713 --- [           main] j.LocalContainerEntityManagerFactoryBean : Building JPA container EntityManagerFactory for persistence unit 'default'
2015-11-20 12:36:48.528  INFO 26713 --- [           main] o.hibernate.jpa.internal.util.LogHelper  : HHH000204: Processing PersistenceUnitInfo [
	name: default
	...]
2015-11-20 12:36:48.595  INFO 26713 --- [           main] org.hibernate.Version                    : HHH000412: Hibernate Core {4.3.10.Final}
2015-11-20 12:36:48.596  INFO 26713 --- [           main] org.hibernate.cfg.Environment            : HHH000206: hibernate.properties not found
2015-11-20 12:36:48.598  INFO 26713 --- [           main] org.hibernate.cfg.Environment            : HHH000021: Bytecode provider name : javassist
2015-11-20 12:36:48.741  INFO 26713 --- [           main] o.hibernate.annotations.common.Version   : HCANN000001: Hibernate Commons Annotations {4.0.5.Final}
2015-11-20 12:36:48.840  INFO 26713 --- [           main] org.hibernate.dialect.Dialect            : HHH000400: Using dialect: org.hibernate.dialect.HSQLDialect
2015-11-20 12:36:48.882  INFO 26713 --- [           main] o.h.h.i.ast.ASTQueryTranslatorFactory    : HHH000397: Using ASTQueryTranslatorFactory
2015-11-20 12:36:48.968  INFO 26713 --- [           main] org.hibernate.tool.hbm2ddl.SchemaExport  : HHH000227: Running hbm2ddl schema export
2015-11-20 12:36:48.970  INFO 26713 --- [           main] org.hibernate.tool.hbm2ddl.SchemaExport  : HHH000230: Schema export complete
2015-11-20 12:36:49.477  INFO 26713 --- [           main] o.s.b.f.config.PropertiesFactoryBean     : Loading properties file from class path resource [rest-default-messages.properties]
2015-11-20 12:36:49.669  INFO 26713 --- [           main] s.w.s.m.m.a.RequestMappingHandlerMapping : Mapped "{[/],methods=[],params=[],headers=[],consumes=[],produces=[],custom=[]}" onto public org.springframework.http.ResponseEntity service.Application.home(javax.servlet.http.HttpServletResponse) throws java.io.IOException
2015-11-20 12:36:49.671  INFO 26713 --- [           main] s.w.s.m.m.a.RequestMappingHandlerMapping : Mapped "{[/error],methods=[],params=[],headers=[],consumes=[],produces=[],custom=[]}" onto public org.springframework.http.ResponseEntity<java.util.Map<java.lang.String, java.lang.Object>> org.springframework.boot.autoconfigure.web.BasicErrorController.error(javax.servlet.http.HttpServletRequest)
2015-11-20 12:36:49.671  INFO 26713 --- [           main] s.w.s.m.m.a.RequestMappingHandlerMapping : Mapped "{[/error],methods=[],params=[],headers=[],consumes=[],produces=[text/html],custom=[]}" onto public org.springframework.web.servlet.ModelAndView org.springframework.boot.autoconfigure.web.BasicErrorController.errorHtml(javax.servlet.http.HttpServletRequest)
2015-11-20 12:36:50.016  INFO 26713 --- [           main] s.w.s.m.m.a.RequestMappingHandlerAdapter : Looking for @ControllerAdvice: org.springframework.web.context.support.GenericWebApplicationContext@5b970f7: startup date [Fri Nov 20 12:36:46 EST 2015]; parent: org.springframework.context.annotation.AnnotationConfigApplicationContext@4b5189ac
2015-11-20 12:36:50.087  INFO 26713 --- [           main] c.v.spring.navigator.SpringViewProvider  : Looking up SpringViews
2015-11-20 12:36:50.094  WARN 26713 --- [           main] c.v.spring.navigator.SpringViewProvider  : No SpringViews found
2015-11-20 12:36:50.152  WARN 26713 --- [           main] c.n.c.sources.URLConfigurationSource     : No URLs will be polled as dynamic configuration sources.
2015-11-20 12:36:50.152  INFO 26713 --- [           main] c.n.c.sources.URLConfigurationSource     : To enable URLs as dynamic configuration sources, define System property archaius.configurationSource.additionalUrls or make config.properties available on classpath.
2015-11-20 12:36:50.160  INFO 26713 --- [           main] c.netflix.config.DynamicPropertyFactory  : DynamicPropertyFactory is initialized with configuration sources: com.netflix.config.ConcurrentCompositeConfiguration@3c46e6f6
2015-11-20 12:36:50.200  INFO 26713 --- [           main] o.s.s.concurrent.ThreadPoolTaskExecutor  : Initializing ExecutorService  'metricsExecutor'
2015-11-20 12:36:50.520  INFO 26713 --- [           main] c.v.s.b.i.VaadinServletConfiguration     : Checking the application context for Vaadin UI mappings
2015-11-20 12:36:50.535  INFO 26713 --- [           main] c.v.s.b.i.VaadinServletConfiguration     : Registering Vaadin servlet of type [com.vaadin.spring.server.SpringVaadinServlet]
2015-11-20 12:36:50.536  INFO 26713 --- [           main] c.v.s.b.i.VaadinServletConfiguration     : Registering Vaadin servlet
2015-11-20 12:36:50.536  INFO 26713 --- [           main] c.v.s.b.i.VaadinServletConfiguration     : Servlet will be mapped to URLs [/vaadinServlet/*, /VAADIN/*]
2015-11-20 12:36:50.537  INFO 26713 --- [           main] c.v.s.b.i.VaadinServletConfiguration     : Setting servlet init parameters
2015-11-20 12:36:50.537  INFO 26713 --- [           main] c.v.s.b.i.VaadinServletConfiguration     : Set servlet init parameter [productionMode] = [false]
2015-11-20 12:36:50.537  INFO 26713 --- [           main] c.v.s.b.i.VaadinServletConfiguration     : Set servlet init parameter [resourceCacheTime] = [3600]
2015-11-20 12:36:50.537  INFO 26713 --- [           main] c.v.s.b.i.VaadinServletConfiguration     : Set servlet init parameter [heartbeatInterval] = [300]
2015-11-20 12:36:50.537  INFO 26713 --- [           main] c.v.s.b.i.VaadinServletConfiguration     : Set servlet init parameter [closeIdleSessions] = [false]
2015-11-20 12:36:50.540  INFO 26713 --- [           main] c.v.s.b.i.VaadinServletConfiguration     : Forwarding @SpringUI URLs from {/users=org.springframework.web.servlet.mvc.ServletForwardingController@5d75f90e, /movies/=org.springframework.web.servlet.mvc.ServletForwardingController@5d75f90e, /users/=org.springframework.web.servlet.mvc.ServletForwardingController@5d75f90e, /movies=org.springframework.web.servlet.mvc.ServletForwardingController@5d75f90e}
2015-11-20 12:36:50.543  INFO 26713 --- [           main] o.s.w.s.handler.SimpleUrlHandlerMapping  : Mapped URL path [/movies] onto handler of type [class org.springframework.web.servlet.mvc.ServletForwardingController]
2015-11-20 12:36:50.543  INFO 26713 --- [           main] o.s.w.s.handler.SimpleUrlHandlerMapping  : Mapped URL path [/users] onto handler of type [class org.springframework.web.servlet.mvc.ServletForwardingController]
2015-11-20 12:36:50.543  INFO 26713 --- [           main] o.s.w.s.handler.SimpleUrlHandlerMapping  : Mapped URL path [/movies/] onto handler of type [class org.springframework.web.servlet.mvc.ServletForwardingController]
2015-11-20 12:36:50.543  INFO 26713 --- [           main] o.s.w.s.handler.SimpleUrlHandlerMapping  : Mapped URL path [/users/] onto handler of type [class org.springframework.web.servlet.mvc.ServletForwardingController]
2015-11-20 12:36:51.002  INFO 26713 --- [           main] o.s.b.a.e.mvc.EndpointHandlerMapping     : Mapped "{[/beans],methods=[GET],params=[],headers=[],consumes=[],produces=[],custom=[]}" onto public java.lang.Object org.springframework.boot.actuate.endpoint.mvc.EndpointMvcAdapter.invoke()
2015-11-20 12:36:51.002  INFO 26713 --- [           main] o.s.b.a.e.mvc.EndpointHandlerMapping     : Mapped "{[/info],methods=[GET],params=[],headers=[],consumes=[],produces=[],custom=[]}" onto public java.lang.Object org.springframework.boot.actuate.endpoint.mvc.EndpointMvcAdapter.invoke()
2015-11-20 12:36:51.002  INFO 26713 --- [           main] o.s.b.a.e.mvc.EndpointHandlerMapping     : Mapped "{[/trace],methods=[GET],params=[],headers=[],consumes=[],produces=[],custom=[]}" onto public java.lang.Object org.springframework.boot.actuate.endpoint.mvc.EndpointMvcAdapter.invoke()
2015-11-20 12:36:51.002  INFO 26713 --- [           main] o.s.b.a.e.mvc.EndpointHandlerMapping     : Mapped "{[/autoconfig],methods=[GET],params=[],headers=[],consumes=[],produces=[],custom=[]}" onto public java.lang.Object org.springframework.boot.actuate.endpoint.mvc.EndpointMvcAdapter.invoke()
2015-11-20 12:36:51.003  INFO 26713 --- [           main] o.s.b.a.e.mvc.EndpointHandlerMapping     : Mapped "{[/pause],methods=[POST],params=[],headers=[],consumes=[],produces=[],custom=[]}" onto public java.lang.Object org.springframework.cloud.endpoint.GenericPostableMvcEndpoint.invoke()
2015-11-20 12:36:51.003  INFO 26713 --- [           main] o.s.b.a.e.mvc.EndpointHandlerMapping     : Mapped "{[/hystrix.stream/**],methods=[],params=[],headers=[],consumes=[],produces=[],custom=[]}" onto public org.springframework.web.servlet.ModelAndView org.springframework.cloud.netflix.endpoint.ServletWrappingEndpoint.handle(javax.servlet.http.HttpServletRequest,javax.servlet.http.HttpServletResponse) throws java.lang.Exception
2015-11-20 12:36:51.003  INFO 26713 --- [           main] o.s.b.a.e.mvc.EndpointHandlerMapping     : Mapped "{[/configprops],methods=[GET],params=[],headers=[],consumes=[],produces=[],custom=[]}" onto public java.lang.Object org.springframework.boot.actuate.endpoint.mvc.EndpointMvcAdapter.invoke()
2015-11-20 12:36:51.003  INFO 26713 --- [           main] o.s.b.a.e.mvc.EndpointHandlerMapping     : Mapped "{[/restart],methods=[POST],params=[],headers=[],consumes=[],produces=[],custom=[]}" onto public java.lang.Object org.springframework.cloud.context.restart.RestartMvcEndpoint.invoke()
2015-11-20 12:36:51.004  INFO 26713 --- [           main] o.s.b.a.e.mvc.EndpointHandlerMapping     : Mapped "{[/health],methods=[],params=[],headers=[],consumes=[],produces=[],custom=[]}" onto public java.lang.Object org.springframework.boot.actuate.endpoint.mvc.HealthMvcEndpoint.invoke(java.security.Principal)
2015-11-20 12:36:51.004  INFO 26713 --- [           main] o.s.b.a.e.mvc.EndpointHandlerMapping     : Mapped "{[/resume],methods=[POST],params=[],headers=[],consumes=[],produces=[],custom=[]}" onto public java.lang.Object org.springframework.cloud.endpoint.GenericPostableMvcEndpoint.invoke()
2015-11-20 12:36:51.004  INFO 26713 --- [           main] o.s.b.a.e.mvc.EndpointHandlerMapping     : Mapped "{[/mappings],methods=[GET],params=[],headers=[],consumes=[],produces=[],custom=[]}" onto public java.lang.Object org.springframework.boot.actuate.endpoint.mvc.EndpointMvcAdapter.invoke()
2015-11-20 12:36:51.004  INFO 26713 --- [           main] o.s.b.a.e.mvc.EndpointHandlerMapping     : Mapped "{[/archaius],methods=[GET],params=[],headers=[],consumes=[],produces=[],custom=[]}" onto public java.lang.Object org.springframework.boot.actuate.endpoint.mvc.EndpointMvcAdapter.invoke()
2015-11-20 12:36:51.004  INFO 26713 --- [           main] o.s.b.a.e.mvc.EndpointHandlerMapping     : Mapped "{[/refresh],methods=[POST],params=[],headers=[],consumes=[],produces=[],custom=[]}" onto public java.lang.Object org.springframework.cloud.endpoint.GenericPostableMvcEndpoint.invoke()
2015-11-20 12:36:51.005  INFO 26713 --- [           main] o.s.b.a.e.mvc.EndpointHandlerMapping     : Mapped "{[/env],methods=[POST],params=[],headers=[],consumes=[],produces=[],custom=[]}" onto public java.lang.Object org.springframework.cloud.context.environment.EnvironmentManagerMvcEndpoint.value(java.util.Map<java.lang.String, java.lang.String>)
2015-11-20 12:36:51.005  INFO 26713 --- [           main] o.s.b.a.e.mvc.EndpointHandlerMapping     : Mapped "{[/env/reset],methods=[POST],params=[],headers=[],consumes=[],produces=[],custom=[]}" onto public java.util.Map<java.lang.String, java.lang.Object> org.springframework.cloud.context.environment.EnvironmentManagerMvcEndpoint.reset()
2015-11-20 12:36:51.005  INFO 26713 --- [           main] o.s.b.a.e.mvc.EndpointHandlerMapping     : Mapped "{[/env/{name:.*}],methods=[GET],params=[],headers=[],consumes=[],produces=[],custom=[]}" onto public java.lang.Object org.springframework.boot.actuate.endpoint.mvc.EnvironmentMvcEndpoint.value(java.lang.String)
2015-11-20 12:36:51.005  INFO 26713 --- [           main] o.s.b.a.e.mvc.EndpointHandlerMapping     : Mapped "{[/env],methods=[GET],params=[],headers=[],consumes=[],produces=[],custom=[]}" onto public java.lang.Object org.springframework.boot.actuate.endpoint.mvc.EndpointMvcAdapter.invoke()
2015-11-20 12:36:51.005  INFO 26713 --- [           main] o.s.b.a.e.mvc.EndpointHandlerMapping     : Mapped "{[/metrics/{name:.*}],methods=[GET],params=[],headers=[],consumes=[],produces=[],custom=[]}" onto public java.lang.Object org.springframework.boot.actuate.endpoint.mvc.MetricsMvcEndpoint.value(java.lang.String)
2015-11-20 12:36:51.006  INFO 26713 --- [           main] o.s.b.a.e.mvc.EndpointHandlerMapping     : Mapped "{[/metrics],methods=[GET],params=[],headers=[],consumes=[],produces=[],custom=[]}" onto public java.lang.Object org.springframework.boot.actuate.endpoint.mvc.EndpointMvcAdapter.invoke()
2015-11-20 12:36:51.006  INFO 26713 --- [           main] o.s.b.a.e.mvc.EndpointHandlerMapping     : Mapped "{[/dump],methods=[GET],params=[],headers=[],consumes=[],produces=[],custom=[]}" onto public java.lang.Object org.springframework.boot.actuate.endpoint.mvc.EndpointMvcAdapter.invoke()
2015-11-20 12:36:51.052  INFO 26713 --- [           main] b.a.s.AuthenticationManagerConfiguration : 

Using default security password: 5d04fd03-631f-483f-9f80-0b187e9d4333

2015-11-20 12:36:51.097  INFO 26713 --- [           main] o.s.s.web.DefaultSecurityFilterChain     : Creating filter chain: Ant [pattern='/css/**'], []
2015-11-20 12:36:51.097  INFO 26713 --- [           main] o.s.s.web.DefaultSecurityFilterChain     : Creating filter chain: Ant [pattern='/js/**'], []
2015-11-20 12:36:51.097  INFO 26713 --- [           main] o.s.s.web.DefaultSecurityFilterChain     : Creating filter chain: Ant [pattern='/images/**'], []
2015-11-20 12:36:51.097  INFO 26713 --- [           main] o.s.s.web.DefaultSecurityFilterChain     : Creating filter chain: Ant [pattern='/**/favicon.ico'], []
2015-11-20 12:36:51.097  INFO 26713 --- [           main] o.s.s.web.DefaultSecurityFilterChain     : Creating filter chain: Ant [pattern='/error'], []
2015-11-20 12:36:51.138  INFO 26713 --- [           main] o.s.s.web.DefaultSecurityFilterChain     : Creating filter chain: OrRequestMatcher [requestMatchers=[Ant [pattern='/info'], Ant [pattern='/info/**'], Ant [pattern='/info.*'], Ant [pattern='/hystrix.stream'], Ant [pattern='/hystrix.stream/**'], Ant [pattern='/hystrix.stream.*'], Ant [pattern='/health'], Ant [pattern='/health/**'], Ant [pattern='/health.*'], Ant [pattern='/beans'], Ant [pattern='/beans/**'], Ant [pattern='/beans.*'], Ant [pattern='/trace'], Ant [pattern='/trace/**'], Ant [pattern='/trace.*'], Ant [pattern='/autoconfig'], Ant [pattern='/autoconfig/**'], Ant [pattern='/autoconfig.*'], Ant [pattern='/pause'], Ant [pattern='/pause/**'], Ant [pattern='/pause.*'], Ant [pattern='/configprops'], Ant [pattern='/configprops/**'], Ant [pattern='/configprops.*'], Ant [pattern='/restart'], Ant [pattern='/restart/**'], Ant [pattern='/restart.*'], Ant [pattern='/resume'], Ant [pattern='/resume/**'], Ant [pattern='/resume.*'], Ant [pattern='/mappings'], Ant [pattern='/mappings/**'], Ant [pattern='/mappings.*'], Ant [pattern='/archaius'], Ant [pattern='/archaius/**'], Ant [pattern='/archaius.*'], Ant [pattern='/refresh'], Ant [pattern='/refresh/**'], Ant [pattern='/refresh.*'], Ant [pattern='/env'], Ant [pattern='/env/**'], Ant [pattern='/env.*'], Ant [pattern='/metrics'], Ant [pattern='/metrics/**'], Ant [pattern='/metrics.*'], Ant [pattern='/dump'], Ant [pattern='/dump/**'], Ant [pattern='/dump.*']]], [org.springframework.security.web.context.request.async.WebAsyncManagerIntegrationFilter@ed1d2cf, org.springframework.security.web.context.SecurityContextPersistenceFilter@eabecf5, org.springframework.security.web.header.HeaderWriterFilter@22c0344e, org.springframework.security.web.authentication.logout.LogoutFilter@201b52f7, org.springframework.security.web.authentication.www.BasicAuthenticationFilter@192ecf8, org.springframework.security.web.savedrequest.RequestCacheAwareFilter@e2d9923, org.springframework.security.web.servletapi.SecurityContextHolderAwareRequestFilter@4bcf08ae, org.springframework.security.web.authentication.AnonymousAuthenticationFilter@b814e23, org.springframework.security.web.session.SessionManagementFilter@6b4a2887, org.springframework.security.web.access.ExceptionTranslationFilter@3e4636c3, org.springframework.security.web.access.intercept.FilterSecurityInterceptor@eb6ccbc]
2015-11-20 12:36:51.156  INFO 26713 --- [           main] o.s.s.web.DefaultSecurityFilterChain     : Creating filter chain: org.springframework.boot.autoconfigure.security.SpringBootWebSecurityConfiguration$ApplicationNoWebSecurityConfigurerAdapter$1@2b4ba2d9, [org.springframework.security.web.context.request.async.WebAsyncManagerIntegrationFilter@69f24965, org.springframework.security.web.context.SecurityContextPersistenceFilter@2bc0603f, org.springframework.security.web.header.HeaderWriterFilter@3085befb, org.springframework.security.web.csrf.CsrfFilter@156eeff1, org.springframework.security.web.authentication.logout.LogoutFilter@322eb1a, org.springframework.security.web.savedrequest.RequestCacheAwareFilter@4ed19540, org.springframework.security.web.servletapi.SecurityContextHolderAwareRequestFilter@533e8807, org.springframework.security.web.authentication.AnonymousAuthenticationFilter@4eab9aec, org.springframework.security.web.session.SessionManagementFilter@62264d4f, org.springframework.security.web.access.ExceptionTranslationFilter@22ed2886]
2015-11-20 12:36:51.515  INFO 26713 --- [           main] o.s.d.r.w.RepositoryRestHandlerAdapter   : Looking for @ControllerAdvice: org.springframework.web.context.support.GenericWebApplicationContext@5b970f7: startup date [Fri Nov 20 12:36:46 EST 2015]; parent: org.springframework.context.annotation.AnnotationConfigApplicationContext@4b5189ac
2015-11-20 12:36:51.530  INFO 26713 --- [           main] o.s.d.r.w.RepositoryRestHandlerMapping   : Mapped "{[/{repository}/{id}/{property}],methods=[GET],params=[],headers=[],consumes=[],produces=[],custom=[]}" onto public org.springframework.http.ResponseEntity<org.springframework.hateoas.ResourceSupport> org.springframework.data.rest.webmvc.RepositoryPropertyReferenceController.followPropertyReference(org.springframework.data.rest.webmvc.RootResourceInformation,java.io.Serializable,java.lang.String,org.springframework.data.rest.webmvc.PersistentEntityResourceAssembler) throws java.lang.Exception
2015-11-20 12:36:51.530  INFO 26713 --- [           main] o.s.d.r.w.RepositoryRestHandlerMapping   : Mapped "{[/{repository}/{id}/{property}/{propertyId}],methods=[GET],params=[],headers=[],consumes=[],produces=[],custom=[]}" onto public org.springframework.http.ResponseEntity<org.springframework.hateoas.ResourceSupport> org.springframework.data.rest.webmvc.RepositoryPropertyReferenceController.followPropertyReference(org.springframework.data.rest.webmvc.RootResourceInformation,java.io.Serializable,java.lang.String,java.lang.String,org.springframework.data.rest.webmvc.PersistentEntityResourceAssembler) throws java.lang.Exception
2015-11-20 12:36:51.530  INFO 26713 --- [           main] o.s.d.r.w.RepositoryRestHandlerMapping   : Mapped "{[/{repository}/{id}/{property}],methods=[DELETE],params=[],headers=[],consumes=[],produces=[],custom=[]}" onto public org.springframework.http.ResponseEntity<? extends org.springframework.hateoas.ResourceSupport> org.springframework.data.rest.webmvc.RepositoryPropertyReferenceController.deletePropertyReference(org.springframework.data.rest.webmvc.RootResourceInformation,java.io.Serializable,java.lang.String) throws java.lang.Exception
2015-11-20 12:36:51.530  INFO 26713 --- [           main] o.s.d.r.w.RepositoryRestHandlerMapping   : Mapped "{[/{repository}/{id}/{property}],methods=[GET],params=[],headers=[],consumes=[],produces=[application/x-spring-data-compact+json || text/uri-list],custom=[]}" onto public org.springframework.http.ResponseEntity<org.springframework.hateoas.ResourceSupport> org.springframework.data.rest.webmvc.RepositoryPropertyReferenceController.followPropertyReferenceCompact(org.springframework.data.rest.webmvc.RootResourceInformation,java.io.Serializable,java.lang.String,org.springframework.data.rest.webmvc.PersistentEntityResourceAssembler) throws java.lang.Exception
2015-11-20 12:36:51.530  INFO 26713 --- [           main] o.s.d.r.w.RepositoryRestHandlerMapping   : Mapped "{[/{repository}/{id}/{property}],methods=[PATCH || PUT],params=[],headers=[],consumes=[application/json || application/x-spring-data-compact+json || text/uri-list],produces=[],custom=[]}" onto public org.springframework.http.ResponseEntity<? extends org.springframework.hateoas.ResourceSupport> org.springframework.data.rest.webmvc.RepositoryPropertyReferenceController.createPropertyReference(org.springframework.data.rest.webmvc.RootResourceInformation,org.springframework.http.HttpMethod,org.springframework.hateoas.Resources<java.lang.Object>,java.io.Serializable,java.lang.String) throws java.lang.Exception
2015-11-20 12:36:51.530  INFO 26713 --- [           main] o.s.d.r.w.RepositoryRestHandlerMapping   : Mapped "{[/{repository}/{id}/{property}/{propertyId}],methods=[DELETE],params=[],headers=[],consumes=[],produces=[],custom=[]}" onto public org.springframework.http.ResponseEntity<org.springframework.hateoas.ResourceSupport> org.springframework.data.rest.webmvc.RepositoryPropertyReferenceController.deletePropertyReferenceId(org.springframework.data.rest.webmvc.RootResourceInformation,java.io.Serializable,java.lang.String,java.lang.String) throws java.lang.Exception
2015-11-20 12:36:51.530  INFO 26713 --- [           main] o.s.d.r.w.RepositoryRestHandlerMapping   : Mapped "{[/{repository}/schema],methods=[GET],params=[],headers=[],consumes=[],produces=[application/schema+json],custom=[]}" onto public org.springframework.http.HttpEntity<org.springframework.data.rest.webmvc.json.JsonSchema> org.springframework.data.rest.webmvc.RepositorySchemaController.schema(org.springframework.data.rest.webmvc.RootResourceInformation)
2015-11-20 12:36:51.531  INFO 26713 --- [           main] o.s.d.r.w.RepositoryRestHandlerMapping   : Mapped "{[/{repository}],methods=[OPTIONS],params=[],headers=[],consumes=[],produces=[],custom=[]}" onto public org.springframework.http.ResponseEntity<?> org.springframework.data.rest.webmvc.RepositoryEntityController.optionsForCollectionResource(org.springframework.data.rest.webmvc.RootResourceInformation)
2015-11-20 12:36:51.532  INFO 26713 --- [           main] o.s.d.r.w.RepositoryRestHandlerMapping   : Mapped "{[/{repository}],methods=[HEAD],params=[],headers=[],consumes=[],produces=[],custom=[]}" onto public org.springframework.http.ResponseEntity<?> org.springframework.data.rest.webmvc.RepositoryEntityController.headCollectionResource(org.springframework.data.rest.webmvc.RootResourceInformation) throws org.springframework.web.HttpRequestMethodNotSupportedException
2015-11-20 12:36:51.532  INFO 26713 --- [           main] o.s.d.r.w.RepositoryRestHandlerMapping   : Mapped "{[/{repository}],methods=[GET],params=[],headers=[],consumes=[],produces=[],custom=[]}" onto public org.springframework.hateoas.Resources<?> org.springframework.data.rest.webmvc.RepositoryEntityController.getCollectionResource(org.springframework.data.rest.webmvc.RootResourceInformation,org.springframework.data.rest.webmvc.support.DefaultedPageable,org.springframework.data.domain.Sort,org.springframework.data.rest.webmvc.PersistentEntityResourceAssembler) throws org.springframework.data.rest.webmvc.ResourceNotFoundException,org.springframework.web.HttpRequestMethodNotSupportedException
2015-11-20 12:36:51.532  INFO 26713 --- [           main] o.s.d.r.w.RepositoryRestHandlerMapping   : Mapped "{[/{repository}],methods=[GET],params=[],headers=[],consumes=[],produces=[application/x-spring-data-compact+json || text/uri-list],custom=[]}" onto public org.springframework.hateoas.Resources<?> org.springframework.data.rest.webmvc.RepositoryEntityController.getCollectionResourceCompact(org.springframework.data.rest.webmvc.RootResourceInformation,org.springframework.data.rest.webmvc.support.DefaultedPageable,org.springframework.data.domain.Sort,org.springframework.data.rest.webmvc.PersistentEntityResourceAssembler) throws org.springframework.data.rest.webmvc.ResourceNotFoundException,org.springframework.web.HttpRequestMethodNotSupportedException
2015-11-20 12:36:51.532  INFO 26713 --- [           main] o.s.d.r.w.RepositoryRestHandlerMapping   : Mapped "{[/{repository}],methods=[POST],params=[],headers=[],consumes=[],produces=[],custom=[]}" onto public org.springframework.http.ResponseEntity<org.springframework.hateoas.ResourceSupport> org.springframework.data.rest.webmvc.RepositoryEntityController.postCollectionResource(org.springframework.data.rest.webmvc.RootResourceInformation,org.springframework.data.rest.webmvc.PersistentEntityResource,org.springframework.data.rest.webmvc.PersistentEntityResourceAssembler) throws org.springframework.web.HttpRequestMethodNotSupportedException
2015-11-20 12:36:51.532  INFO 26713 --- [           main] o.s.d.r.w.RepositoryRestHandlerMapping   : Mapped "{[/{repository}/{id}],methods=[OPTIONS],params=[],headers=[],consumes=[],produces=[],custom=[]}" onto public org.springframework.http.ResponseEntity<?> org.springframework.data.rest.webmvc.RepositoryEntityController.optionsForItemResource(org.springframework.data.rest.webmvc.RootResourceInformation)
2015-11-20 12:36:51.532  INFO 26713 --- [           main] o.s.d.r.w.RepositoryRestHandlerMapping   : Mapped "{[/{repository}/{id}],methods=[HEAD],params=[],headers=[],consumes=[],produces=[],custom=[]}" onto public org.springframework.http.ResponseEntity<?> org.springframework.data.rest.webmvc.RepositoryEntityController.headForItemResource(org.springframework.data.rest.webmvc.RootResourceInformation,java.io.Serializable) throws org.springframework.web.HttpRequestMethodNotSupportedException
2015-11-20 12:36:51.533  INFO 26713 --- [           main] o.s.d.r.w.RepositoryRestHandlerMapping   : Mapped "{[/{repository}/{id}],methods=[GET],params=[],headers=[],consumes=[],produces=[],custom=[]}" onto public org.springframework.http.ResponseEntity<org.springframework.hateoas.Resource<?>> org.springframework.data.rest.webmvc.RepositoryEntityController.getItemResource(org.springframework.data.rest.webmvc.RootResourceInformation,java.io.Serializable,org.springframework.data.rest.webmvc.PersistentEntityResourceAssembler) throws org.springframework.web.HttpRequestMethodNotSupportedException
2015-11-20 12:36:51.533  INFO 26713 --- [           main] o.s.d.r.w.RepositoryRestHandlerMapping   : Mapped "{[/{repository}/{id}],methods=[PUT],params=[],headers=[],consumes=[],produces=[],custom=[]}" onto public org.springframework.http.ResponseEntity<? extends org.springframework.hateoas.ResourceSupport> org.springframework.data.rest.webmvc.RepositoryEntityController.putItemResource(org.springframework.data.rest.webmvc.RootResourceInformation,org.springframework.data.rest.webmvc.PersistentEntityResource,java.io.Serializable,org.springframework.data.rest.webmvc.PersistentEntityResourceAssembler) throws org.springframework.web.HttpRequestMethodNotSupportedException
2015-11-20 12:36:51.533  INFO 26713 --- [           main] o.s.d.r.w.RepositoryRestHandlerMapping   : Mapped "{[/{repository}/{id}],methods=[PATCH],params=[],headers=[],consumes=[],produces=[],custom=[]}" onto public org.springframework.http.ResponseEntity<org.springframework.hateoas.ResourceSupport> org.springframework.data.rest.webmvc.RepositoryEntityController.patchItemResource(org.springframework.data.rest.webmvc.RootResourceInformation,org.springframework.data.rest.webmvc.PersistentEntityResource,java.io.Serializable,org.springframework.data.rest.webmvc.PersistentEntityResourceAssembler) throws org.springframework.web.HttpRequestMethodNotSupportedException,org.springframework.data.rest.webmvc.ResourceNotFoundException
2015-11-20 12:36:51.533  INFO 26713 --- [           main] o.s.d.r.w.RepositoryRestHandlerMapping   : Mapped "{[/{repository}/{id}],methods=[DELETE],params=[],headers=[],consumes=[],produces=[],custom=[]}" onto public org.springframework.http.ResponseEntity<?> org.springframework.data.rest.webmvc.RepositoryEntityController.deleteItemResource(org.springframework.data.rest.webmvc.RootResourceInformation,java.io.Serializable) throws org.springframework.data.rest.webmvc.ResourceNotFoundException,org.springframework.web.HttpRequestMethodNotSupportedException
2015-11-20 12:36:51.534  INFO 26713 --- [           main] o.s.d.r.w.RepositoryRestHandlerMapping   : Mapped "{[/],methods=[OPTIONS],params=[],headers=[],consumes=[],produces=[],custom=[]}" onto public org.springframework.http.HttpEntity<?> org.springframework.data.rest.webmvc.RepositoryController.optionsForRepositories()
2015-11-20 12:36:51.534  INFO 26713 --- [           main] o.s.d.r.w.RepositoryRestHandlerMapping   : Mapped "{[/],methods=[HEAD],params=[],headers=[],consumes=[],produces=[],custom=[]}" onto public org.springframework.http.ResponseEntity<?> org.springframework.data.rest.webmvc.RepositoryController.headForRepositories()
2015-11-20 12:36:51.534  INFO 26713 --- [           main] o.s.d.r.w.RepositoryRestHandlerMapping   : Mapped "{[/],methods=[GET],params=[],headers=[],consumes=[],produces=[],custom=[]}" onto public org.springframework.http.HttpEntity<org.springframework.data.rest.webmvc.RepositoryLinksResource> org.springframework.data.rest.webmvc.RepositoryController.listRepositories()
2015-11-20 12:36:51.534  INFO 26713 --- [           main] o.s.d.r.w.RepositoryRestHandlerMapping   : Mapped "{[/{repository}/search],methods=[HEAD],params=[],headers=[],consumes=[],produces=[],custom=[]}" onto public org.springframework.http.HttpEntity<?> org.springframework.data.rest.webmvc.RepositorySearchController.headForSearches(org.springframework.data.rest.webmvc.RootResourceInformation)
2015-11-20 12:36:51.535  INFO 26713 --- [           main] o.s.d.r.w.RepositoryRestHandlerMapping   : Mapped "{[/{repository}/search],methods=[OPTIONS],params=[],headers=[],consumes=[],produces=[],custom=[]}" onto public org.springframework.http.HttpEntity<?> org.springframework.data.rest.webmvc.RepositorySearchController.optionsForSearches(org.springframework.data.rest.webmvc.RootResourceInformation)
2015-11-20 12:36:51.535  INFO 26713 --- [           main] o.s.d.r.w.RepositoryRestHandlerMapping   : Mapped "{[/{repository}/search],methods=[GET],params=[],headers=[],consumes=[],produces=[],custom=[]}" onto public org.springframework.hateoas.ResourceSupport org.springframework.data.rest.webmvc.RepositorySearchController.listSearches(org.springframework.data.rest.webmvc.RootResourceInformation)
2015-11-20 12:36:51.535  INFO 26713 --- [           main] o.s.d.r.w.RepositoryRestHandlerMapping   : Mapped "{[/{repository}/search/{search}],methods=[GET],params=[],headers=[],consumes=[],produces=[],custom=[]}" onto public org.springframework.http.ResponseEntity<java.lang.Object> org.springframework.data.rest.webmvc.RepositorySearchController.executeSearch(org.springframework.data.rest.webmvc.RootResourceInformation,org.springframework.web.context.request.WebRequest,java.lang.String,org.springframework.data.rest.webmvc.support.DefaultedPageable,org.springframework.data.domain.Sort,org.springframework.data.rest.webmvc.PersistentEntityResourceAssembler)
2015-11-20 12:36:51.535  INFO 26713 --- [           main] o.s.d.r.w.RepositoryRestHandlerMapping   : Mapped "{[/{repository}/search/{search}],methods=[GET],params=[],headers=[],consumes=[],produces=[application/x-spring-data-compact+json],custom=[]}" onto public org.springframework.hateoas.ResourceSupport org.springframework.data.rest.webmvc.RepositorySearchController.executeSearchCompact(org.springframework.data.rest.webmvc.RootResourceInformation,org.springframework.web.context.request.WebRequest,java.lang.String,java.lang.String,org.springframework.data.rest.webmvc.support.DefaultedPageable,org.springframework.data.domain.Sort,org.springframework.data.rest.webmvc.PersistentEntityResourceAssembler)
2015-11-20 12:36:51.535  INFO 26713 --- [           main] o.s.d.r.w.RepositoryRestHandlerMapping   : Mapped "{[/{repository}/search/{search}],methods=[OPTIONS],params=[],headers=[],consumes=[],produces=[],custom=[]}" onto public org.springframework.http.ResponseEntity<java.lang.Object> org.springframework.data.rest.webmvc.RepositorySearchController.optionsForSearch(org.springframework.data.rest.webmvc.RootResourceInformation,java.lang.String)
2015-11-20 12:36:51.535  INFO 26713 --- [           main] o.s.d.r.w.RepositoryRestHandlerMapping   : Mapped "{[/{repository}/search/{search}],methods=[HEAD],params=[],headers=[],consumes=[],produces=[],custom=[]}" onto public org.springframework.http.ResponseEntity<java.lang.Object> org.springframework.data.rest.webmvc.RepositorySearchController.headForSearch(org.springframework.data.rest.webmvc.RootResourceInformation,java.lang.String)
2015-11-20 12:36:51.540  INFO 26713 --- [           main] o.s.d.r.w.BaseUriAwareHandlerMapping     : Mapped "{[/alps],methods=[GET],params=[],headers=[],consumes=[],produces=[],custom=[]}" onto org.springframework.http.HttpEntity<org.springframework.hateoas.alps.Alps> org.springframework.data.rest.webmvc.alps.AlpsController.alps()
2015-11-20 12:36:51.540  INFO 26713 --- [           main] o.s.d.r.w.BaseUriAwareHandlerMapping     : Mapped "{[/alps/{repository}],methods=[GET],params=[],headers=[],consumes=[],produces=[],custom=[]}" onto org.springframework.http.HttpEntity<org.springframework.data.rest.webmvc.RootResourceInformation> org.springframework.data.rest.webmvc.alps.AlpsController.descriptor(org.springframework.data.rest.webmvc.RootResourceInformation)
2015-11-20 12:36:51.541  INFO 26713 --- [           main] o.s.d.r.w.BaseUriAwareHandlerMapping     : Mapped "{[/alps || /alps/{repository}],methods=[OPTIONS],params=[],headers=[],consumes=[],produces=[],custom=[]}" onto org.springframework.http.HttpEntity<?> org.springframework.data.rest.webmvc.alps.AlpsController.alpsOptions()
2015-11-20 12:36:51.699  WARN 26713 --- [           main] c.n.c.sources.URLConfigurationSource     : No URLs will be polled as dynamic configuration sources.
2015-11-20 12:36:51.699  INFO 26713 --- [           main] c.n.c.sources.URLConfigurationSource     : To enable URLs as dynamic configuration sources, define System property archaius.configurationSource.additionalUrls or make config.properties available on classpath.
2015-11-20 12:36:51.798  INFO 26713 --- [           main] ProxyFactoryBean$MethodInvocationGateway : started hystrixStreamChannel
2015-11-20 12:36:51.798  INFO 26713 --- [           main] o.s.i.gateway.GatewayProxyFactoryBean    : started hystrixStreamChannel
2015-11-20 12:36:51.916  INFO 26713 --- [           main] o.s.c.support.DefaultLifecycleProcessor  : Starting beans in phase -2147483648
2015-11-20 12:36:51.918  INFO 26713 --- [           main] o.s.c.support.DefaultLifecycleProcessor  : Starting beans in phase 0
2015-11-20 12:36:51.918  INFO 26713 --- [           main] o.s.i.endpoint.EventDrivenConsumer       : Adding {logging-channel-adapter:_org.springframework.integration.errorLogger} as a subscriber to the 'errorChannel' channel
2015-11-20 12:36:51.918  INFO 26713 --- [           main] o.s.i.channel.PublishSubscribeChannel    : Channel 'cdaver-searchui:development:-1.errorChannel' has 1 subscriber(s).
2015-11-20 12:36:51.918  INFO 26713 --- [           main] o.s.i.endpoint.EventDrivenConsumer       : started _org.springframework.integration.errorLogger
2015-11-20 12:36:51.918  INFO 26713 --- [           main] o.s.i.endpoint.EventDrivenConsumer       : Adding {amqp:outbound-channel-adapter} as a subscriber to the 'hystrixStream' channel
2015-11-20 12:36:51.919  INFO 26713 --- [           main] o.s.integration.channel.DirectChannel    : Channel 'cdaver-searchui:development:-1.hystrixStream' has 1 subscriber(s).
2015-11-20 12:36:51.919  INFO 26713 --- [           main] o.s.i.endpoint.EventDrivenConsumer       : started org.springframework.integration.config.ConsumerEndpointFactoryBean#0
2015-11-20 12:36:51.919  INFO 26713 --- [           main] o.s.c.support.DefaultLifecycleProcessor  : Starting beans in phase 2147483647
2015-11-20 12:36:51.920  INFO 26713 --- [           main] c.n.h.c.m.e.HystrixMetricsPoller         : Starting HystrixMetricsPoller
2015-11-20 12:36:51.921  INFO 26713 --- [           main] ration$HystrixMetricsPollerConfiguration : Starting poller
2015-11-20 12:36:51.935  INFO 26713 --- [           main] service.DemoApplicationTests             : Started DemoApplicationTests in 6.745 seconds (JVM running for 7.24)
2015-11-20 12:36:51.989  INFO 26713 --- [           main] ilder$StaticRequestMappingHandlerMapping : Mapped "{[/],methods=[],params=[],headers=[],consumes=[],produces=[],custom=[]}" onto public org.springframework.http.ResponseEntity service.Application.home(javax.servlet.http.HttpServletResponse) throws java.io.IOException
2015-11-20 12:36:51.997  INFO 26713 --- [           main] s.w.s.m.m.a.RequestMappingHandlerAdapter : Looking for @ControllerAdvice: org.springframework.test.web.servlet.setup.StubWebApplicationContext@6ae5e1cf
2015-11-20 12:36:52.005  INFO 26713 --- [           main] o.s.mock.web.MockServletContext          : Initializing Spring FrameworkServlet ''
2015-11-20 12:36:52.005  INFO 26713 --- [           main] o.s.t.web.servlet.TestDispatcherServlet  : FrameworkServlet '': initialization started
2015-11-20 12:36:52.005  INFO 26713 --- [           main] o.s.t.web.servlet.TestDispatcherServlet  : FrameworkServlet '': initialization completed in 0 ms
]]></system-out>
  </testcase>
  <testcase name="contextLoads" classname="service.DemoApplicationTests" time="0.009"/>
</testsuite>